{"level":50,"time":1758070876307,"pid":10664,"hostname":"MacBook-Pro-Artem.local","msg":"\nInvalid `db.specialization.findMany()` invocation in\n/Users/artem_shkri/Documents/class-journal-app-backend-1/src/service/specialization/getSpecializationList.ts:5:56\n\n  2 import { GetSpecializationListResponseDto } from '~/dto/specialization/getSpecializationList/response'\n  3 \n  4 export async function getSpecializationList(): Promise<GetSpecializationListResponseDto[]> {\n→ 5     const specializationList = await db.specialization.findMany(\nCan't reach database server at `194.67.113.77:5432`\n\nPlease make sure your database server is running at `194.67.113.77:5432`."}
{"level":50,"time":1758070886981,"pid":10664,"hostname":"MacBook-Pro-Artem.local","msg":"\nInvalid `db.user.findFirst()` invocation in\n/Users/artem_shkri/Documents/class-journal-app-backend-1/src/service/user/login.ts:19:32\n\n  16     throw new Error('Login error: JWT_SECRET is not set in env file')\n  17 }\n  18 \n→ 19 const user = await db.user.findFirst(\nCan't reach database server at `194.67.113.77:5432`\n\nPlease make sure your database server is running at `194.67.113.77:5432`."}
{"level":50,"time":1758070908915,"pid":10664,"hostname":"MacBook-Pro-Artem.local","msg":"\nInvalid `db.user.findFirst()` invocation in\n/Users/artem_shkri/Documents/class-journal-app-backend-1/src/service/user/login.ts:19:32\n\n  16     throw new Error('Login error: JWT_SECRET is not set in env file')\n  17 }\n  18 \n→ 19 const user = await db.user.findFirst(\nCan't reach database server at `194.67.113.77:5432`\n\nPlease make sure your database server is running at `194.67.113.77:5432`."}
{"level":50,"time":1758070972706,"pid":23689,"hostname":"MacBook-Pro-Artem.local","msg":"\nInvalid `db.user.findFirst()` invocation in\n/Users/artem_shkri/Documents/class-journal-app-backend-1/src/service/user/login.ts:19:32\n\n  16     throw new Error('Login error: JWT_SECRET is not set in env file')\n  17 }\n  18 \n→ 19 const user = await db.user.findFirst(\nCan't reach database server at `194.67.113.77:5432`\n\nPlease make sure your database server is running at `194.67.113.77:5432`."}
{"level":30,"time":1758071255327,"pid":38946,"hostname":"MacBook-Pro-Artem.local","method":"GET","url":"/api/journal?teacherId=190&courseId=118&year=2025&month=8","body":{}}
{"level":30,"time":1758141142375,"pid":15110,"hostname":"MacBook-Pro-Artem.local","method":"GET","url":"/api/user/data","body":{}}
{"level":30,"time":1758141145824,"pid":15110,"hostname":"MacBook-Pro-Artem.local","method":"GET","url":"/api/user/data","body":{}}
{"level":30,"time":1758141146838,"pid":15110,"hostname":"MacBook-Pro-Artem.local","method":"GET","url":"/api/user/data","body":{}}
{"level":30,"time":1758141148855,"pid":15110,"hostname":"MacBook-Pro-Artem.local","method":"GET","url":"/api/user/data","body":{}}
{"level":30,"time":1758141152864,"pid":15110,"hostname":"MacBook-Pro-Artem.local","method":"GET","url":"/api/user/data","body":{}}
{"level":30,"time":1758141176374,"pid":15110,"hostname":"MacBook-Pro-Artem.local","method":"GET","url":"/api/user/data","body":{}}
{"level":30,"time":1758141187644,"pid":15110,"hostname":"MacBook-Pro-Artem.local","method":"GET","url":"/api/user/data","body":{}}
{"level":30,"time":1758141193350,"pid":15110,"hostname":"MacBook-Pro-Artem.local","method":"GET","url":"/api/user/data","body":{}}
{"level":30,"time":1758141195365,"pid":15110,"hostname":"MacBook-Pro-Artem.local","method":"GET","url":"/api/user/data","body":{}}
{"level":30,"time":1758141199381,"pid":15110,"hostname":"MacBook-Pro-Artem.local","method":"GET","url":"/api/user/data","body":{}}
{"level":30,"time":1758141268604,"pid":15110,"hostname":"MacBook-Pro-Artem.local","method":"GET","url":"/api/user/data","body":{}}
{"level":30,"time":1758141269624,"pid":15110,"hostname":"MacBook-Pro-Artem.local","method":"GET","url":"/api/user/data","body":{}}
{"level":30,"time":1758141271635,"pid":15110,"hostname":"MacBook-Pro-Artem.local","method":"GET","url":"/api/user/data","body":{}}
{"level":30,"time":1758141275646,"pid":15110,"hostname":"MacBook-Pro-Artem.local","method":"GET","url":"/api/user/data","body":{}}
{"level":30,"time":1758141293234,"pid":15110,"hostname":"MacBook-Pro-Artem.local","method":"GET","url":"/api/user/data","body":{}}
{"level":30,"time":1758141294243,"pid":15110,"hostname":"MacBook-Pro-Artem.local","method":"GET","url":"/api/user/data","body":{}}
{"level":30,"time":1758141296250,"pid":15110,"hostname":"MacBook-Pro-Artem.local","method":"GET","url":"/api/user/data","body":{}}
{"level":30,"time":1758141300262,"pid":15110,"hostname":"MacBook-Pro-Artem.local","method":"GET","url":"/api/user/data","body":{}}
{"level":30,"time":1758141307166,"pid":15110,"hostname":"MacBook-Pro-Artem.local","method":"GET","url":"/api/user/data","body":{}}
{"level":30,"time":1758141308179,"pid":15110,"hostname":"MacBook-Pro-Artem.local","method":"GET","url":"/api/user/data","body":{}}
{"level":30,"time":1758141310190,"pid":15110,"hostname":"MacBook-Pro-Artem.local","method":"GET","url":"/api/user/data","body":{}}
{"level":30,"time":1758141314202,"pid":15110,"hostname":"MacBook-Pro-Artem.local","method":"GET","url":"/api/user/data","body":{}}
{"level":30,"time":1758141323630,"pid":15110,"hostname":"MacBook-Pro-Artem.local","method":"GET","url":"/api/user/data","body":{}}
{"level":30,"time":1758141324641,"pid":15110,"hostname":"MacBook-Pro-Artem.local","method":"GET","url":"/api/user/data","body":{}}
{"level":30,"time":1758141326658,"pid":15110,"hostname":"MacBook-Pro-Artem.local","method":"GET","url":"/api/user/data","body":{}}
{"level":30,"time":1758141330673,"pid":15110,"hostname":"MacBook-Pro-Artem.local","method":"GET","url":"/api/user/data","body":{}}
{"level":30,"time":1758141377665,"pid":15110,"hostname":"MacBook-Pro-Artem.local","method":"GET","url":"/api/user/data","body":{}}
{"level":30,"time":1758141392139,"pid":15110,"hostname":"MacBook-Pro-Artem.local","method":"POST","url":"/api/user/login","body":{"login":"okostyleva","password":"CC65aVht"}}
{"level":30,"time":1758141434395,"pid":27728,"hostname":"MacBook-Pro-Artem.local","method":"GET","url":"/api/user/data","body":{}}
{"level":30,"time":1758141438548,"pid":27728,"hostname":"MacBook-Pro-Artem.local","method":"POST","url":"/api/user/login","body":{"login":"okostyleva","password":"CC65aVht"}}
{"level":30,"time":1758141451450,"pid":28187,"hostname":"MacBook-Pro-Artem.local","method":"POST","url":"/api/user/login","body":{"login":"okostyleva","password":"CC65aVht"}}
{"level":30,"time":1758141465448,"pid":28563,"hostname":"MacBook-Pro-Artem.local","method":"POST","url":"/api/user/login","body":{"login":"okostyleva","password":"CC65aVht"}}
{"level":30,"time":1758141468312,"pid":28563,"hostname":"MacBook-Pro-Artem.local","method":"GET","url":"/api/user/data","body":{}}
{"level":30,"time":1758141476057,"pid":28563,"hostname":"MacBook-Pro-Artem.local","method":"POST","url":"/api/user/login","body":{"login":"okostyleva","password":"CC65aVht"}}
{"level":30,"time":1758141524747,"pid":28563,"hostname":"MacBook-Pro-Artem.local","method":"GET","url":"/api/user/data","body":{}}
{"level":30,"time":1758141552763,"pid":28563,"hostname":"MacBook-Pro-Artem.local","method":"GET","url":"/api/user/data","body":{}}
{"level":30,"time":1758141558653,"pid":28563,"hostname":"MacBook-Pro-Artem.local","method":"POST","url":"/api/user/login","body":{"login":"okostyleva","password":"CC65aVht"}}
{"level":30,"time":1758141577383,"pid":28563,"hostname":"MacBook-Pro-Artem.local","method":"GET","url":"/api/user/data","body":{}}
{"level":30,"time":1758141583603,"pid":28563,"hostname":"MacBook-Pro-Artem.local","method":"GET","url":"/api/user/data","body":{}}
{"level":30,"time":1758141587199,"pid":28563,"hostname":"MacBook-Pro-Artem.local","method":"POST","url":"/api/user/login","body":{"login":"okostyleva","password":"CC65aVht"}}
{"level":30,"time":1758141730018,"pid":28563,"hostname":"MacBook-Pro-Artem.local","method":"POST","url":"/api/user/login","body":{"login":"okostyleva","password":"CC65aVht"}}
{"level":30,"time":1758141816341,"pid":28563,"hostname":"MacBook-Pro-Artem.local","method":"GET","url":"/api/user/data","body":{}}
{"level":30,"time":1758141840940,"pid":28563,"hostname":"MacBook-Pro-Artem.local","method":"GET","url":"/api/user/data","body":{}}
{"level":30,"time":1758141848575,"pid":28563,"hostname":"MacBook-Pro-Artem.local","method":"POST","url":"/api/user/login","body":{"login":"okostyleva","password":"CC65aVht"}}
{"level":30,"time":1758141849182,"pid":28563,"hostname":"MacBook-Pro-Artem.local","method":"GET","url":"/api/journal?teacherId=190&courseId=118&year=2025&month=8","body":{}}
{"level":30,"time":1758141887582,"pid":28563,"hostname":"MacBook-Pro-Artem.local","method":"GET","url":"/api/user/data","body":{}}
{"level":30,"time":1758141899386,"pid":28563,"hostname":"MacBook-Pro-Artem.local","method":"GET","url":"/api/user/data","body":{}}
{"level":30,"time":1758141906035,"pid":28563,"hostname":"MacBook-Pro-Artem.local","method":"POST","url":"/api/user/login","body":{"login":"okostyleva","password":"CC65aVht"}}
{"level":30,"time":1758142035683,"pid":28563,"hostname":"MacBook-Pro-Artem.local","method":"GET","url":"/api/user/data","body":{}}
{"level":30,"time":1758142044962,"pid":28563,"hostname":"MacBook-Pro-Artem.local","method":"POST","url":"/api/user/login","body":{"login":"okostyleva","password":"CC65aVht"}}
{"level":30,"time":1758142143778,"pid":28563,"hostname":"MacBook-Pro-Artem.local","method":"GET","url":"/api/user/data","body":{}}
{"level":30,"time":1758142155688,"pid":28563,"hostname":"MacBook-Pro-Artem.local","method":"POST","url":"/api/user/login","body":{"login":"okostyleva","password":"CC65aVht"}}
{"level":30,"time":1758142187999,"pid":28563,"hostname":"MacBook-Pro-Artem.local","method":"GET","url":"/api/user/data","body":{}}
{"level":30,"time":1758142195804,"pid":28563,"hostname":"MacBook-Pro-Artem.local","method":"GET","url":"/api/user/data","body":{}}
{"level":30,"time":1758142217265,"pid":28563,"hostname":"MacBook-Pro-Artem.local","method":"POST","url":"/api/user/login","body":{"login":"okostyleva","password":"CC65aVht"}}
{"level":30,"time":1758142319421,"pid":28563,"hostname":"MacBook-Pro-Artem.local","method":"GET","url":"/api/journal?teacherId=190&courseId=118&year=2025&month=8","body":{}}
{"level":30,"time":1758142483550,"pid":28563,"hostname":"MacBook-Pro-Artem.local","method":"GET","url":"/api/user/data","body":{}}
{"level":30,"time":1758142490498,"pid":28563,"hostname":"MacBook-Pro-Artem.local","method":"POST","url":"/api/user/login","body":{"login":"okostyleva","password":"CC65aVht"}}
{"level":30,"time":1758142505770,"pid":28563,"hostname":"MacBook-Pro-Artem.local","method":"POST","url":"/api/user/login","body":{"login":"okostyleva","password":"CC65aVht"}}
{"level":30,"time":1758142518282,"pid":28563,"hostname":"MacBook-Pro-Artem.local","method":"GET","url":"/api/journal?teacherId=190&courseId=118&year=2025&month=8","body":{}}
{"level":30,"time":1758142614559,"pid":28563,"hostname":"MacBook-Pro-Artem.local","method":"GET","url":"/api/user/data","body":{}}
{"level":30,"time":1758142643726,"pid":28563,"hostname":"MacBook-Pro-Artem.local","method":"GET","url":"/api/user/data","body":{}}
{"level":30,"time":1758142897795,"pid":63968,"hostname":"MacBook-Pro-Artem.local","method":"GET","url":"/api/user/data","body":{}}
{"level":30,"time":1758142905876,"pid":63968,"hostname":"MacBook-Pro-Artem.local","method":"POST","url":"/api/user/login","body":{"login":"okostyleva","password":"CC65aVht"}}
{"level":30,"time":1758143184735,"pid":70973,"hostname":"MacBook-Pro-Artem.local","method":"POST","url":"/api/user/login","body":{"login":"okostyleva","password":"CC65aVht"}}
{"level":30,"time":1758143193757,"pid":70973,"hostname":"MacBook-Pro-Artem.local","method":"GET","url":"/api/journal?teacherId=190&courseId=118&year=2025&month=8","body":{}}
{"level":30,"time":1758143232664,"pid":72217,"hostname":"MacBook-Pro-Artem.local","method":"POST","url":"/api/user/login","body":{"login":"okostyleva","password":"CC65aVht"}}
{"level":30,"time":1758143240234,"pid":72217,"hostname":"MacBook-Pro-Artem.local","method":"GET","url":"/api/journal?teacherId=190&courseId=118&year=2025&month=8","body":{}}
{"level":30,"time":1758143305447,"pid":72217,"hostname":"MacBook-Pro-Artem.local","method":"POST","url":"/api/user/login","body":{"login":"okostyleva","password":"CC65aVht"}}
{"level":30,"time":1758143309273,"pid":72217,"hostname":"MacBook-Pro-Artem.local","method":"GET","url":"/api/journal?teacherId=190&courseId=118&year=2025&month=8","body":{}}
{"level":30,"time":1758143330940,"pid":74467,"hostname":"MacBook-Pro-Artem.local","method":"GET","url":"/api/user/data","body":{}}
{"level":30,"time":1758143382534,"pid":75818,"hostname":"MacBook-Pro-Artem.local","method":"GET","url":"/api/user/data","body":{}}
{"level":30,"time":1758143559257,"pid":80155,"hostname":"MacBook-Pro-Artem.local","method":"GET","url":"/api/user/data","body":{}}
{"level":30,"time":1758143590626,"pid":80876,"hostname":"MacBook-Pro-Artem.local","method":"GET","url":"/api/user/data","body":{}}
{"level":30,"time":1758143600143,"pid":80876,"hostname":"MacBook-Pro-Artem.local","method":"GET","url":"/api/user/data","body":{}}
{"level":30,"time":1758143623563,"pid":80876,"hostname":"MacBook-Pro-Artem.local","method":"GET","url":"/api/user/data","body":{}}
{"level":30,"time":1758143649112,"pid":80876,"hostname":"MacBook-Pro-Artem.local","method":"GET","url":"/api/user/data","body":{}}
{"level":30,"time":1758143755958,"pid":80876,"hostname":"MacBook-Pro-Artem.local","method":"GET","url":"/api/user/data","body":{}}
{"level":30,"time":1758143785493,"pid":80876,"hostname":"MacBook-Pro-Artem.local","method":"GET","url":"/api/user/data","body":{}}
{"level":30,"time":1758143829199,"pid":80876,"hostname":"MacBook-Pro-Artem.local","method":"GET","url":"/api/user/data","body":{}}
{"level":30,"time":1758143913944,"pid":80876,"hostname":"MacBook-Pro-Artem.local","method":"GET","url":"/api/user/data","body":{}}
{"level":30,"time":1758144112023,"pid":94279,"hostname":"MacBook-Pro-Artem.local","method":"GET","url":"/api/user/data","body":{}}
{"level":30,"time":1758144130694,"pid":94279,"hostname":"MacBook-Pro-Artem.local","method":"GET","url":"/api/journal?teacherId=190&courseId=118&year=2025&month=8","body":{}}
{"level":30,"time":1758144135796,"pid":94279,"hostname":"MacBook-Pro-Artem.local","method":"GET","url":"/api/journal/group?teacherId=190&period=firstHalf&courseId=119&year=2025","body":{}}
{"level":30,"time":1758144137725,"pid":94279,"hostname":"MacBook-Pro-Artem.local","method":"GET","url":"/api/journal?teacherId=190&courseId=118&year=2025&month=8","body":{}}
{"level":30,"time":1758144139227,"pid":94279,"hostname":"MacBook-Pro-Artem.local","method":"POST","url":"/api/user/logout","body":{}}
{"level":30,"time":1758144152672,"pid":94279,"hostname":"MacBook-Pro-Artem.local","method":"GET","url":"/api/user/data","body":{}}
{"level":30,"time":1758144163105,"pid":94279,"hostname":"MacBook-Pro-Artem.local","method":"POST","url":"/api/user/login","body":{"login":"okostyleva","password":"CC65aVht"}}
{"level":30,"time":1758144167461,"pid":94279,"hostname":"MacBook-Pro-Artem.local","method":"GET","url":"/api/journal?teacherId=190&courseId=118&year=2025&month=8","body":{}}
{"level":30,"time":1758144253410,"pid":96958,"hostname":"MacBook-Pro-Artem.local","method":"GET","url":"/api/user/data","body":{}}
